[2018-03-28T20:20:45.761-0300] [] [INFO] [NCLS-GFLAUNCHER-00005] [javax.enterprise.launcher] [tid: _ThreadID=1 _ThreadName=main] [timeMillis: 1522279245761] [levelValue: 800] [[
  JVM invocation command line:
C:\Program Files\Java\jre1.8.0_151\bin\java.exe
-cp
C:/Users/neloo/Documents/NetBeansProjects/Aguilesi/glassfish5/glassfish/modules/glassfish.jar
-XX:+UnlockDiagnosticVMOptions
-XX:NewRatio=2
-XX:MaxPermSize=192m
-Xmx512m
-client
-javaagent:C:/Users/neloo/Documents/NetBeansProjects/Aguilesi/glassfish5/glassfish/lib/monitor/flashlight-agent.jar
-Djavax.xml.accessExternalSchema=all
-Djavax.net.ssl.trustStore=C:\Users\neloo\Documents\NetBeansProjects\Aguilesi\glassfish5\glassfish\domains\domain1/config/cacerts.jks
-Djdk.tls.rejectClientInitiatedRenegotiation=true
-Djdk.corba.allowOutputStreamSubclass=true
-Dfelix.fileinstall.dir=C:\Users\neloo\Documents\NetBeansProjects\Aguilesi\glassfish5\glassfish/modules/autostart/
-Dorg.glassfish.additionalOSGiBundlesToStart=org.apache.felix.shell,org.apache.felix.gogo.runtime,org.apache.felix.gogo.shell,org.apache.felix.gogo.command,org.apache.felix.shell.remote,org.apache.felix.fileinstall
-Dcom.sun.aas.installRoot=C:\Users\neloo\Documents\NetBeansProjects\Aguilesi\glassfish5\glassfish
-Dfelix.fileinstall.poll=5000
-Djava.endorsed.dirs=C:\Users\neloo\Documents\NetBeansProjects\Aguilesi\glassfish5\glassfish/modules/endorsed;C:\Users\neloo\Documents\NetBeansProjects\Aguilesi\glassfish5\glassfish/lib/endorsed
-Djava.security.policy=C:\Users\neloo\Documents\NetBeansProjects\Aguilesi\glassfish5\glassfish\domains\domain1/config/server.policy
-Dosgi.shell.telnet.maxconn=1
-Dfelix.fileinstall.bundles.startTransient=true
-Dcom.sun.enterprise.config.config_environment_factory_class=com.sun.enterprise.config.serverbeans.AppserverConfigEnvironmentFactory
-Dfelix.fileinstall.log.level=2
-Djavax.net.ssl.keyStore=C:\Users\neloo\Documents\NetBeansProjects\Aguilesi\glassfish5\glassfish\domains\domain1/config/keystore.jks
-Djava.security.auth.login.config=C:\Users\neloo\Documents\NetBeansProjects\Aguilesi\glassfish5\glassfish\domains\domain1/config/login.conf
-Dfelix.fileinstall.disableConfigSave=false
-Dfelix.fileinstall.bundles.new.start=true
-Dcom.sun.aas.instanceRoot=C:\Users\neloo\Documents\NetBeansProjects\Aguilesi\glassfish5\glassfish\domains\domain1
-Dosgi.shell.telnet.port=6666
-Dgosh.args=--nointeractive
-Dcom.sun.enterprise.security.httpsOutboundKeyAlias=s1as
-Dosgi.shell.telnet.ip=127.0.0.1
-DANTLR_USE_DIRECT_CLASS_LOADING=true
-Djava.awt.headless=true
-Dcom.ctc.wstx.returnNullForDefaultNamespace=true
-Djava.ext.dirs=C:\Program Files\Java\jre1.8.0_151/lib/ext;C:\Program Files\Java\jre1.8.0_151/jre/lib/ext;C:\Users\neloo\Documents\NetBeansProjects\Aguilesi\glassfish5\glassfish\domains\domain1/lib/ext
-Djdbc.drivers=org.apache.derby.jdbc.ClientDriver
-Djava.library.path=C:/Users/neloo/Documents/NetBeansProjects/Aguilesi/glassfish5/glassfish/lib;C:/ProgramData/Oracle/Java/javapath;C:/Windows/Sun/Java/bin;C:/Windows/System32;C:/Windows;C:/Program Files/Haskell/bin;C:/Program Files/Haskell Platform/8.0.2/lib/extralibs/bin;C:/Program Files/Haskell Platform/8.0.2/bin;C:/Windows/System32/wbem;C:/Windows/System32/WindowsPowerShell/v1.0;C:/Program Files/MATLAB/R2016a/runtime/win64;C:/Program Files/MATLAB/R2016a/bin;C:/Program Files/MATLAB/R2016a/polyspace/bin;C:/Program Files/Haskell Platform/8.0.2/mingw/bin;C:/Users/neloo/AppData/Roaming/cabal/bin;C:/Users/neloo/AppData/Roaming/local/bin;C:/Users/neloo/AppData/Local/Microsoft/WindowsApps;C:/Users/neloo/Documents/NetBeansProjects/Aguilesi/glassfish5/glassfish/bin
com.sun.enterprise.glassfish.bootstrap.ASMain
-upgrade
false
-domaindir
C:/Users/neloo/Documents/NetBeansProjects/Aguilesi/glassfish5/glassfish/domains/domain1
-read-stdin
true
-asadmin-args
--host,,,localhost,,,--port,,,4848,,,--secure=false,,,--terse=false,,,--echo=false,,,--interactive=true,,,start-domain,,,--verbose=false,,,--watchdog=false,,,--debug=false,,,--domaindir,,,C:\Users\neloo\Documents\NetBeansProjects\Aguilesi\glassfish5\glassfish\domains,,,domain1
-domainname
domain1
-instancename
server
-type
DAS
-verbose
false
-asadmin-classpath
C:/Users/neloo/Documents/NetBeansProjects/Aguilesi/glassfish5/glassfish/lib/client/appserver-cli.jar
-debug
false
-asadmin-classname
com.sun.enterprise.admin.cli.AdminMain]]

[2018-03-28T20:23:29.747-0300] [] [INFO] [NCLS-GFLAUNCHER-00005] [javax.enterprise.launcher] [tid: _ThreadID=1 _ThreadName=main] [timeMillis: 1522279409747] [levelValue: 800] [[
  JVM invocation command line:
C:\Program Files\Java\jre1.8.0_151\bin\java.exe
-cp
C:/Users/neloo/Documents/NetBeansProjects/Aguilesi/glassfish5/glassfish/modules/glassfish.jar
-XX:+UnlockDiagnosticVMOptions
-XX:NewRatio=2
-XX:MaxPermSize=192m
-Xmx512m
-client
-javaagent:C:/Users/neloo/Documents/NetBeansProjects/Aguilesi/glassfish5/glassfish/lib/monitor/flashlight-agent.jar
-Djavax.xml.accessExternalSchema=all
-Djavax.net.ssl.trustStore=C:\Users\neloo\Documents\NetBeansProjects\Aguilesi\glassfish5\glassfish\domains\domain1/config/cacerts.jks
-Djdk.tls.rejectClientInitiatedRenegotiation=true
-Djdk.corba.allowOutputStreamSubclass=true
-Dfelix.fileinstall.dir=C:\Users\neloo\Documents\NetBeansProjects\Aguilesi\glassfish5\glassfish/modules/autostart/
-Dorg.glassfish.additionalOSGiBundlesToStart=org.apache.felix.shell,org.apache.felix.gogo.runtime,org.apache.felix.gogo.shell,org.apache.felix.gogo.command,org.apache.felix.shell.remote,org.apache.felix.fileinstall
-Dcom.sun.aas.installRoot=C:\Users\neloo\Documents\NetBeansProjects\Aguilesi\glassfish5\glassfish
-Dfelix.fileinstall.poll=5000
-Djava.endorsed.dirs=C:\Users\neloo\Documents\NetBeansProjects\Aguilesi\glassfish5\glassfish/modules/endorsed;C:\Users\neloo\Documents\NetBeansProjects\Aguilesi\glassfish5\glassfish/lib/endorsed
-Djava.security.policy=C:\Users\neloo\Documents\NetBeansProjects\Aguilesi\glassfish5\glassfish\domains\domain1/config/server.policy
-Dosgi.shell.telnet.maxconn=1
-Dfelix.fileinstall.bundles.startTransient=true
-Dcom.sun.enterprise.config.config_environment_factory_class=com.sun.enterprise.config.serverbeans.AppserverConfigEnvironmentFactory
-Dfelix.fileinstall.log.level=2
-Djavax.net.ssl.keyStore=C:\Users\neloo\Documents\NetBeansProjects\Aguilesi\glassfish5\glassfish\domains\domain1/config/keystore.jks
-Djava.security.auth.login.config=C:\Users\neloo\Documents\NetBeansProjects\Aguilesi\glassfish5\glassfish\domains\domain1/config/login.conf
-Dfelix.fileinstall.disableConfigSave=false
-Dfelix.fileinstall.bundles.new.start=true
-Dcom.sun.aas.instanceRoot=C:\Users\neloo\Documents\NetBeansProjects\Aguilesi\glassfish5\glassfish\domains\domain1
-Dosgi.shell.telnet.port=6666
-Dgosh.args=--nointeractive
-Dcom.sun.enterprise.security.httpsOutboundKeyAlias=s1as
-Dosgi.shell.telnet.ip=127.0.0.1
-DANTLR_USE_DIRECT_CLASS_LOADING=true
-Djava.awt.headless=true
-Dcom.ctc.wstx.returnNullForDefaultNamespace=true
-Djava.ext.dirs=C:\Program Files\Java\jre1.8.0_151/lib/ext;C:\Program Files\Java\jre1.8.0_151/jre/lib/ext;C:\Users\neloo\Documents\NetBeansProjects\Aguilesi\glassfish5\glassfish\domains\domain1/lib/ext
-Djdbc.drivers=org.apache.derby.jdbc.ClientDriver
-Djava.library.path=C:/Users/neloo/Documents/NetBeansProjects/Aguilesi/glassfish5/glassfish/lib;C:/ProgramData/Oracle/Java/javapath;C:/Windows/Sun/Java/bin;C:/Windows/System32;C:/Windows;C:/Program Files/Haskell/bin;C:/Program Files/Haskell Platform/8.0.2/lib/extralibs/bin;C:/Program Files/Haskell Platform/8.0.2/bin;C:/Windows/System32/wbem;C:/Windows/System32/WindowsPowerShell/v1.0;C:/Program Files/MATLAB/R2016a/runtime/win64;C:/Program Files/MATLAB/R2016a/bin;C:/Program Files/MATLAB/R2016a/polyspace/bin;C:/Program Files/Haskell Platform/8.0.2/mingw/bin;C:/Users/neloo/AppData/Roaming/cabal/bin;C:/Users/neloo/AppData/Roaming/local/bin;C:/Users/neloo/AppData/Local/Microsoft/WindowsApps;C:/Users/neloo/Documents/NetBeansProjects/Aguilesi/glassfish5/glassfish/bin
com.sun.enterprise.glassfish.bootstrap.ASMain
-upgrade
false
-domaindir
C:/Users/neloo/Documents/NetBeansProjects/Aguilesi/glassfish5/glassfish/domains/domain1
-read-stdin
true
-asadmin-args
--host,,,localhost,,,--port,,,4848,,,--secure=false,,,--terse=false,,,--echo=false,,,--interactive=true,,,start-domain,,,--verbose=false,,,--watchdog=false,,,--debug=false,,,--domaindir,,,C:\Users\neloo\Documents\NetBeansProjects\Aguilesi\glassfish5\glassfish\domains,,,domain1
-domainname
domain1
-instancename
server
-type
DAS
-verbose
false
-asadmin-classpath
C:/Users/neloo/Documents/NetBeansProjects/Aguilesi/glassfish5/glassfish/lib/client/appserver-cli.jar
-debug
false
-asadmin-classname
com.sun.enterprise.admin.cli.AdminMain]]

